Determining if the Q_WS_WIN exist failed with the following output:
Change Dir: /home/c.tibambre/PEPILab-main/build/CMakeFiles/CMakeTmp

Run Build Command(s):/usr/bin/make cmTC_0a06b/fast && /usr/bin/make -f CMakeFiles/cmTC_0a06b.dir/build.make CMakeFiles/cmTC_0a06b.dir/build
make[1]: Entering directory '/home/c.tibambre/PEPILab-main/build/CMakeFiles/CMakeTmp'
Building CXX object CMakeFiles/cmTC_0a06b.dir/CheckSymbolExists.cxx.o
/usr/bin/c++   -I/usr/include/qt4   -o CMakeFiles/cmTC_0a06b.dir/CheckSymbolExists.cxx.o -c /home/c.tibambre/PEPILab-main/build/CMakeFiles/CMakeTmp/CheckSymbolExists.cxx
/home/c.tibambre/PEPILab-main/build/CMakeFiles/CMakeTmp/CheckSymbolExists.cxx: In function ‘int main(int, char**)’:
/home/c.tibambre/PEPILab-main/build/CMakeFiles/CMakeTmp/CheckSymbolExists.cxx:8:19: error: ‘Q_WS_WIN’ was not declared in this scope
    8 |   return ((int*)(&Q_WS_WIN))[argc];
      |                   ^~~~~~~~
make[1]: *** [CMakeFiles/cmTC_0a06b.dir/build.make:66: CMakeFiles/cmTC_0a06b.dir/CheckSymbolExists.cxx.o] Error 1
make[1]: Leaving directory '/home/c.tibambre/PEPILab-main/build/CMakeFiles/CMakeTmp'
make: *** [Makefile:121: cmTC_0a06b/fast] Error 2


File /home/c.tibambre/PEPILab-main/build/CMakeFiles/CMakeTmp/CheckSymbolExists.cxx:
/* */
#include <QtCore/qglobal.h>

int main(int argc, char** argv)
{
  (void)argv;
#ifndef Q_WS_WIN
  return ((int*)(&Q_WS_WIN))[argc];
#else
  (void)argc;
  return 0;
#endif
}
Determining if the Q_WS_QWS exist failed with the following output:
Change Dir: /home/c.tibambre/PEPILab-main/build/CMakeFiles/CMakeTmp

Run Build Command(s):/usr/bin/make cmTC_c9ff2/fast && /usr/bin/make -f CMakeFiles/cmTC_c9ff2.dir/build.make CMakeFiles/cmTC_c9ff2.dir/build
make[1]: Entering directory '/home/c.tibambre/PEPILab-main/build/CMakeFiles/CMakeTmp'
Building CXX object CMakeFiles/cmTC_c9ff2.dir/CheckSymbolExists.cxx.o
/usr/bin/c++   -I/usr/include/qt4   -o CMakeFiles/cmTC_c9ff2.dir/CheckSymbolExists.cxx.o -c /home/c.tibambre/PEPILab-main/build/CMakeFiles/CMakeTmp/CheckSymbolExists.cxx
/home/c.tibambre/PEPILab-main/build/CMakeFiles/CMakeTmp/CheckSymbolExists.cxx: In function ‘int main(int, char**)’:
/home/c.tibambre/PEPILab-main/build/CMakeFiles/CMakeTmp/CheckSymbolExists.cxx:8:19: error: ‘Q_WS_QWS’ was not declared in this scope
    8 |   return ((int*)(&Q_WS_QWS))[argc];
      |                   ^~~~~~~~
make[1]: *** [CMakeFiles/cmTC_c9ff2.dir/build.make:66: CMakeFiles/cmTC_c9ff2.dir/CheckSymbolExists.cxx.o] Error 1
make[1]: Leaving directory '/home/c.tibambre/PEPILab-main/build/CMakeFiles/CMakeTmp'
make: *** [Makefile:121: cmTC_c9ff2/fast] Error 2


File /home/c.tibambre/PEPILab-main/build/CMakeFiles/CMakeTmp/CheckSymbolExists.cxx:
/* */
#include <QtCore/qglobal.h>

int main(int argc, char** argv)
{
  (void)argv;
#ifndef Q_WS_QWS
  return ((int*)(&Q_WS_QWS))[argc];
#else
  (void)argc;
  return 0;
#endif
}
Determining if the Q_WS_MAC exist failed with the following output:
Change Dir: /home/c.tibambre/PEPILab-main/build/CMakeFiles/CMakeTmp

Run Build Command(s):/usr/bin/make cmTC_7d306/fast && /usr/bin/make -f CMakeFiles/cmTC_7d306.dir/build.make CMakeFiles/cmTC_7d306.dir/build
make[1]: Entering directory '/home/c.tibambre/PEPILab-main/build/CMakeFiles/CMakeTmp'
Building CXX object CMakeFiles/cmTC_7d306.dir/CheckSymbolExists.cxx.o
/usr/bin/c++   -I/usr/include/qt4   -o CMakeFiles/cmTC_7d306.dir/CheckSymbolExists.cxx.o -c /home/c.tibambre/PEPILab-main/build/CMakeFiles/CMakeTmp/CheckSymbolExists.cxx
/home/c.tibambre/PEPILab-main/build/CMakeFiles/CMakeTmp/CheckSymbolExists.cxx: In function ‘int main(int, char**)’:
/home/c.tibambre/PEPILab-main/build/CMakeFiles/CMakeTmp/CheckSymbolExists.cxx:8:19: error: ‘Q_WS_MAC’ was not declared in this scope
    8 |   return ((int*)(&Q_WS_MAC))[argc];
      |                   ^~~~~~~~
make[1]: *** [CMakeFiles/cmTC_7d306.dir/build.make:66: CMakeFiles/cmTC_7d306.dir/CheckSymbolExists.cxx.o] Error 1
make[1]: Leaving directory '/home/c.tibambre/PEPILab-main/build/CMakeFiles/CMakeTmp'
make: *** [Makefile:121: cmTC_7d306/fast] Error 2


File /home/c.tibambre/PEPILab-main/build/CMakeFiles/CMakeTmp/CheckSymbolExists.cxx:
/* */
#include <QtCore/qglobal.h>

int main(int argc, char** argv)
{
  (void)argv;
#ifndef Q_WS_MAC
  return ((int*)(&Q_WS_MAC))[argc];
#else
  (void)argc;
  return 0;
#endif
}
